
"Final 're-publication' redo of Delta-Corrected PLoS Code" *DISEASE-NAME* = cancer
*DISEASE-P-OF-DIAGNOSIS-PER-PERSON-PER-YEAR* = 0.01
*DISEASE-INITIAL-LEVEL-AT-DIAGNOSIS* = 0.1
*DISEASE-PROGRESSION-MULTIPLIER-PER-YEAR* = 1.2
*DISEASE-TRIALS* = NIL
*DISEASE-DEATH-THRESHOLD* = 0.5
*MOST-EFFECTIVE-DRUG-POWER* = 0.6
*TREATMENT-EFFECTIVENESS-DISTRIBUTION-MODEL* = EVEN
*INITIAL-COMPOUNDS-THAT-ADDRESS-A-GIVEN-DISEASE* = 10
*DISCOVERY-MODEL* = NO-DISCOVERY
*ADDITIONAL-NON-FUNCTIONAL-DRUGS* = 0
*TREATMENT-EFFECTIVENESS-MEAN* = 0.9
*STOCHASTIC-TREATMENT-EFFECTIVENESS-SD* = 0.2
*DO-NOT-REPEAT-TREATMENTS* = NIL
*YEARS-TO-RUN* = 100
*N-PEOPLE* = 1000
*RUN-REPLICATES* = 250
*TREATMENT-MODEL* = BEST-PUBLISHED-TREATMENT
*INITIAL-TREATMENT-MODEL-IF-NEED-BE* = NIL
*DISEASE-STATE-MEASUREMENT-ERROR-SD* = 2.0
*MEASURES-ARE-PRECISE* = NIL
*PUBLICATION-REGIMEN* = PUBLISH-ONLY-AFTER-LENGTHY-EXPERIENCE
*HOW-MANY-SEQUENTIAL-DECLINES-COUNTS-AS-LENGTHY-EXPERIENCE* = 4
*HOW-MANY-BACK-PUBS-TO-LOOK-AT* = 100
*N-CLINICAL-TRIALS-AT-ONCE* = 3
*N-PATIENTS-PER-TRIAL* = 100
*TRIAL-LENGTH-IN-YEARS* = 5
*FINAL-POPULATION* m 635.744 sd 402.3841 se 25.449005 h 999 l 127
*PEOPLE-WITH-DISEASE* m 500.744 sd 402.52142 se 25.457691 h 894 l 7
*PERCENT-WITH-DIEASE* m 0.5757765 sd 0.34062082 se 0.021542752 h 0.8957916 l 0.049382716
Dumping trace spreadsheet in results/3703773083-bestpub+pubafterexperience+seqdec4.xls