*DISEASE-NAME* = cancer
*DISEASE-P-OF-DIAGNOSIS-PER-PERSON-PER-YEAR* = 0.01
*DISEASE-INITIAL-LEVEL-AT-DIAGNOSIS* = 0.1
*DISEASE-PROGRESSION-MULTIPLIER-PER-YEAR* = 1.2
*DISEASE-TRIALS* = NIL
*DISEASE-DEATH-THRESHOLD* = 0.5
*MOST-EFFECTIVE-DRUG-POWER* = 0.6
*TREATMENT-EFFECTIVENESS-DISTRIBUTION-MODEL* = EVEN
*INITIAL-COMPOUNDS-THAT-ADDRESS-A-GIVEN-DISEASE* = 10
*DISCOVERY-MODEL* = NO-DISCOVERY
*ADDITIONAL-NON-FUNCTIONAL-DRUGS* = 0
*TREATMENT-EFFECTIVENESS-MEAN* = 0.9
*STOCHASTIC-TREATMENT-EFFECTIVENESS-SD* = 0.2
*DO-NOT-REPEAT-TREATMENTS* = NIL
*YEARS-TO-RUN* = 100
*N-PEOPLE* = 1000
*RUN-REPLICATES* = 250
*TREATMENT-MODEL* = BEST-PUBLISHED-TREATMENT
*INITIAL-TREATMENT-MODEL-IF-NEED-BE* = NIL
*DISEASE-STATE-MEASUREMENT-ERROR-SD* = 2.0
*MEASURES-ARE-PRECISE* = NIL
*PUBLICATION-REGIMEN* = PUBLISH-ONLY-AFTER-LENGTHY-EXPERIENCE
*HOW-MANY-SEQUENTIAL-DECLINES-COUNTS-AS-LENGTHY-EXPERIENCE* = 1
*HOW-MANY-BACK-PUBS-TO-LOOK-AT* = 100
*N-CLINICAL-TRIALS-AT-ONCE* = 3
*N-PATIENTS-PER-TRIAL* = 100
*TRIAL-LENGTH-IN-YEARS* = 5
*FINAL-POPULATION* m 635.832 sd 318.54474 se 20.146538 h 1000 l 163
*PEOPLE-WITH-DISEASE* m 499.64 sd 319.20593 se 20.188356 h 887 l 26
*PERCENT-WITH-DIEASE* m 0.7008495 sd 0.18485205 se 0.01169107 h 0.887 l 0.14444445
Dumping trace spreadsheet in results/3703711955-bestpub+pubafterexperience+seqdec1.xls