*DISEASE-NAME* = cancer
*DISEASE-P-OF-DIAGNOSIS-PER-PERSON-PER-YEAR* = 0.01
*DISEASE-INITIAL-LEVEL-AT-DIAGNOSIS* = 0.1
*DISEASE-PROGRESSION-MULTIPLIER-PER-YEAR* = 1.2
*DISEASE-TRIALS* = NIL
*DISEASE-DEATH-THRESHOLD* = 0.5
*MOST-EFFECTIVE-DRUG-POWER* = 0.6
*TREATMENT-EFFECTIVENESS-DISTRIBUTION-MODEL* = EVEN
*INITIAL-COMPOUNDS-THAT-ADDRESS-A-GIVEN-DISEASE* = 10
*DISCOVERY-MODEL* = NO-DISCOVERY
*ADDITIONAL-NON-FUNCTIONAL-DRUGS* = 0
*TREATMENT-EFFECTIVENESS-MEAN* = 0.9
*STOCHASTIC-TREATMENT-EFFECTIVENESS-SD* = 0.2
*DO-NOT-REPEAT-TREATMENTS* = NIL
*YEARS-TO-RUN* = 100
*N-PEOPLE* = 1000
*RUN-REPLICATES* = 250
*TREATMENT-MODEL* = BEST-PUBLISHED-TREATMENT
*INITIAL-TREATMENT-MODEL-IF-NEED-BE* = NIL
*DISEASE-STATE-MEASUREMENT-ERROR-SD* = 2.0
*MEASURES-ARE-PRECISE* = NIL
*PUBLICATION-REGIMEN* = PUBLISH-ONLY-AFTER-LENGTHY-EXPERIENCE
*HOW-MANY-SEQUENTIAL-DECLINES-COUNTS-AS-LENGTHY-EXPERIENCE* = 12
*HOW-MANY-BACK-PUBS-TO-LOOK-AT* = 100
*N-CLINICAL-TRIALS-AT-ONCE* = 3
*N-PATIENTS-PER-TRIAL* = 100
*TRIAL-LENGTH-IN-YEARS* = 5
*FINAL-POPULATION* m 311.304 sd 14.495658 se 0.9167859 h 354 l 271
*PEOPLE-WITH-DISEASE* m 176.512 sd 12.556453 se 0.7941398 h 214 l 142
*PERCENT-WITH-DIEASE* m 0.5669475 sd 0.029202664 se 0.0018469387 h 0.6523179 l 0.4640523
Dumping trace spreadsheet in results/3703712464-bestpub+pubafterexperience+seqdec12.xls